mode: set
github.com/dc0d/supervisor/supervisor.go:18.55,21.21 2 1
github.com/dc0d/supervisor/supervisor.go:22.17,23.43 1 1
github.com/dc0d/supervisor/supervisor.go:24.17,25.43 1 1
github.com/dc0d/supervisor/supervisor.go:26.23,27.49 1 1
github.com/dc0d/supervisor/supervisor.go:33.79,43.25 7 1
github.com/dc0d/supervisor/supervisor.go:48.2,48.6 1 1
github.com/dc0d/supervisor/supervisor.go:43.25,46.3 2 1
github.com/dc0d/supervisor/supervisor.go:48.6,49.21 1 1
github.com/dc0d/supervisor/supervisor.go:53.3,53.10 1 1
github.com/dc0d/supervisor/supervisor.go:59.3,59.10 1 1
github.com/dc0d/supervisor/supervisor.go:49.21,51.4 1 0
github.com/dc0d/supervisor/supervisor.go:54.21,55.10 1 0
github.com/dc0d/supervisor/supervisor.go:56.11,56.11 0 1
github.com/dc0d/supervisor/supervisor.go:60.21,61.10 1 0
github.com/dc0d/supervisor/supervisor.go:62.28,65.25 3 1
github.com/dc0d/supervisor/supervisor.go:68.4,69.26 2 1
github.com/dc0d/supervisor/supervisor.go:65.25,66.13 1 0
github.com/dc0d/supervisor/supervisor.go:69.26,71.5 1 0
github.com/dc0d/supervisor/supervisor.go:82.13,83.24 1 1
github.com/dc0d/supervisor/supervisor.go:86.2,92.31 3 1
github.com/dc0d/supervisor/supervisor.go:83.24,85.3 1 0
github.com/dc0d/supervisor/supervisor.go:92.31,95.4 1 1
github.com/dc0d/supervisor/supervisor.go:96.17,97.32 1 1
github.com/dc0d/supervisor/supervisor.go:100.4,100.11 1 1
github.com/dc0d/supervisor/supervisor.go:97.32,99.5 1 0
github.com/dc0d/supervisor/supervisor.go:101.22,102.11 1 0
github.com/dc0d/supervisor/supervisor.go:103.12,103.12 0 1
github.com/dc0d/supervisor/supervisor.go:106.13,106.23 1 1
github.com/dc0d/supervisor/supervisor.go:111.85,122.50 8 1
github.com/dc0d/supervisor/supervisor.go:132.2,132.30 1 1
github.com/dc0d/supervisor/supervisor.go:138.2,138.6 1 1
github.com/dc0d/supervisor/supervisor.go:122.50,130.3 4 1
github.com/dc0d/supervisor/supervisor.go:132.30,136.3 3 1
github.com/dc0d/supervisor/supervisor.go:138.6,139.10 1 1
github.com/dc0d/supervisor/supervisor.go:145.3,145.10 1 1
github.com/dc0d/supervisor/supervisor.go:140.21,141.10 1 0
github.com/dc0d/supervisor/supervisor.go:142.11,142.11 0 1
github.com/dc0d/supervisor/supervisor.go:146.21,147.10 1 0
github.com/dc0d/supervisor/supervisor.go:148.26,150.11 2 1
github.com/dc0d/supervisor/supervisor.go:153.4,153.18 1 1
github.com/dc0d/supervisor/supervisor.go:157.4,158.25 2 1
github.com/dc0d/supervisor/supervisor.go:161.4,162.26 2 1
github.com/dc0d/supervisor/supervisor.go:165.34,166.11 1 1
github.com/dc0d/supervisor/supervisor.go:169.4,169.23 1 1
github.com/dc0d/supervisor/supervisor.go:172.4,173.55 2 1
github.com/dc0d/supervisor/supervisor.go:150.11,151.13 1 0
github.com/dc0d/supervisor/supervisor.go:153.18,155.13 2 0
github.com/dc0d/supervisor/supervisor.go:158.25,159.13 1 0
github.com/dc0d/supervisor/supervisor.go:162.26,164.5 1 0
github.com/dc0d/supervisor/supervisor.go:166.11,168.5 1 1
github.com/dc0d/supervisor/supervisor.go:169.23,170.13 1 0
github.com/dc0d/supervisor/supervisor.go:184.15,185.24 1 1
github.com/dc0d/supervisor/supervisor.go:188.2,194.31 3 1
github.com/dc0d/supervisor/supervisor.go:185.24,187.3 1 0
github.com/dc0d/supervisor/supervisor.go:194.31,197.4 1 1
github.com/dc0d/supervisor/supervisor.go:198.17,199.32 1 1
github.com/dc0d/supervisor/supervisor.go:202.4,202.11 1 1
github.com/dc0d/supervisor/supervisor.go:199.32,201.5 1 0
github.com/dc0d/supervisor/supervisor.go:203.22,204.11 1 0
github.com/dc0d/supervisor/supervisor.go:205.12,205.12 0 1
github.com/dc0d/supervisor/supervisor.go:208.13,208.23 1 1
github.com/dc0d/supervisor/supervisor.go:213.79,221.25 6 1
github.com/dc0d/supervisor/supervisor.go:226.2,230.6 3 1
github.com/dc0d/supervisor/supervisor.go:221.25,224.3 2 1
github.com/dc0d/supervisor/supervisor.go:230.6,231.54 1 1
github.com/dc0d/supervisor/supervisor.go:236.3,236.10 1 1
github.com/dc0d/supervisor/supervisor.go:242.3,242.10 1 1
github.com/dc0d/supervisor/supervisor.go:231.54,231.80 1 1
github.com/dc0d/supervisor/supervisor.go:231.100,234.4 2 0
github.com/dc0d/supervisor/supervisor.go:237.24,238.10 1 0
github.com/dc0d/supervisor/supervisor.go:239.11,239.11 0 1
github.com/dc0d/supervisor/supervisor.go:243.18,243.18 0 0
github.com/dc0d/supervisor/supervisor.go:244.24,245.10 1 0
github.com/dc0d/supervisor/supervisor.go:246.21,247.55 1 1
github.com/dc0d/supervisor/supervisor.go:252.4,256.27 3 1
github.com/dc0d/supervisor/supervisor.go:247.55,247.81 1 1
github.com/dc0d/supervisor/supervisor.go:247.101,250.5 2 0
github.com/dc0d/supervisor/supervisor.go:256.27,258.17 2 1
github.com/dc0d/supervisor/supervisor.go:261.5,263.24 3 1
github.com/dc0d/supervisor/supervisor.go:267.5,267.12 1 1
github.com/dc0d/supervisor/supervisor.go:258.17,259.14 1 0
github.com/dc0d/supervisor/supervisor.go:263.24,265.6 1 0
github.com/dc0d/supervisor/supervisor.go:268.23,269.23 1 0
github.com/dc0d/supervisor/supervisor.go:270.13,270.13 0 1
github.com/dc0d/supervisor/supervisor.go:283.13,284.24 1 1
github.com/dc0d/supervisor/supervisor.go:287.2,293.31 3 1
github.com/dc0d/supervisor/supervisor.go:284.24,286.3 1 0
github.com/dc0d/supervisor/supervisor.go:293.31,295.4 0 1
github.com/dc0d/supervisor/supervisor.go:297.17,298.32 1 1
github.com/dc0d/supervisor/supervisor.go:301.4,301.11 1 1
github.com/dc0d/supervisor/supervisor.go:298.32,300.5 1 1
github.com/dc0d/supervisor/supervisor.go:302.22,303.11 1 0
github.com/dc0d/supervisor/supervisor.go:304.12,304.12 0 1
github.com/dc0d/supervisor/supervisor.go:307.13,307.23 1 1
github.com/dc0d/supervisor/supervisor.go:312.59,314.29 2 1
github.com/dc0d/supervisor/supervisor.go:321.2,321.13 1 1
github.com/dc0d/supervisor/supervisor.go:314.29,320.3 2 1
github.com/dc0d/supervisor/supervisor.go:324.54,326.29 2 1
github.com/dc0d/supervisor/supervisor.go:333.2,333.13 1 1
github.com/dc0d/supervisor/supervisor.go:326.29,332.3 2 1
github.com/dc0d/supervisor/supervisor.go:341.46,347.25 2 1
github.com/dc0d/supervisor/supervisor.go:352.2,352.11 1 1
github.com/dc0d/supervisor/supervisor.go:348.22,349.17 1 1
github.com/dc0d/supervisor/supervisor.go:361.55,368.33 3 1
github.com/dc0d/supervisor/supervisor.go:372.2,376.30 2 1
github.com/dc0d/supervisor/supervisor.go:368.33,371.3 2 1
